Build started 16/3/2015 11:00:34 μμ.
     1>Project "I:\GoogleDrive\Client Works\Guard\rGuard1\ClientSide\dsetup\dsetup.vcxproj" on node 2 (build target(s)).
     1>C:\Program Files (x86)\MSBuild\Microsoft.Cpp\v4.0\Microsoft.CppBuild.targets(299,5): warning MSB8004: Output Directory does not end with a trailing slash.  This build instance will add the slash as it is required to allow proper evaluation of the Output Directory.
     1>InitializeBuildStatus:
         Creating "Release\dsetup.unsuccessfulbuild" because "AlwaysCreate" was specified.
       ClCompile:
         C:\Program Files (x86)\Microsoft Visual Studio 10.0\VC\bin\CL.exe /c /Zi /nologo /W3 /WX- /O2 /Oi /Oy- /GL /D WIN32 /D NDEBUG /D _WINDOWS /D _USRDLL /D DSETUP_EXPORTS /D _WINDLL /D _UNICODE /D UNICODE /Gm- /EHsc /MT /GS /Gy /fp:precise /Zc:wchar_t /Zc:forScope /Fo"Release\\" /Fd"Release\vc100.pdb" /Gd /TP /analyze- /errorReport:prompt main.cpp
         main.cpp
       ResourceCompile:
         All outputs are up-to-date.
       Link:
         C:\Program Files (x86)\Microsoft Visual Studio 10.0\VC\bin\link.exe /ERRORREPORT:PROMPT /OUT:"..\out\dsetup.dll" /VERSION:"1.0.01" /INCREMENTAL:NO /NOLOGO kernel32.lib user32.lib gdi32.lib winspool.lib comdlg32.lib advapi32.lib shell32.lib ole32.lib oleaut32.lib uuid.lib odbc32.lib odbccp32.lib /DEF:"dsetup.def" /MANIFEST /ManifestFile:"Release\dsetup.dll.intermediate.manifest" /MANIFESTUAC:"level='asInvoker' uiAccess='false'" /DEBUG /PDB:"I:\GoogleDrive\Client Works\Guard\rGuard1\ClientSide\out\dsetup.pdb" /SUBSYSTEM:WINDOWS /OPT:REF /OPT:ICF /LTCG /TLBID:1 /DYNAMICBASE /NXCOMPAT /IMPLIB:"..\out\dsetup.lib" /MACHINE:X86 /DLL Release\resource.res
         Release\Blowfish.obj
         Release\Hook.obj
         Release\main.obj
         Release\Obfuscator.obj
         Release\Splash.obj
            Creating library ..\out\dsetup.lib and object ..\out\dsetup.exp
         Generating code
         Finished generating code
         dsetup.vcxproj -> I:\GoogleDrive\Client Works\Guard\rGuard1\ClientSide\dsetup\..\out\dsetup.dll
       Manifest:
         C:\Program Files (x86)\Microsoft SDKs\Windows\v7.0A\bin\mt.exe /nologo /verbose /outputresource:"..\out\dsetup.dll;#2" /manifest Release\dsetup.dll.intermediate.manifest
       FinalizeBuildStatus:
         Deleting file "Release\dsetup.unsuccessfulbuild".
         Touching "Release\dsetup.lastbuildstate".
     1>Done Building Project "I:\GoogleDrive\Client Works\Guard\rGuard1\ClientSide\dsetup\dsetup.vcxproj" (build target(s)).

Build succeeded.

Time Elapsed 00:00:01.58
