..\out\dsetup.pdb
C:\USERS\NIGHTWOLF\DESKTOP\RGUARD1\CLIENTSIDE\DSETUP\RELEASE\BLOWFISH.OBJ
C:\USERS\NIGHTWOLF\DESKTOP\RGUARD1\CLIENTSIDE\DSETUP\RELEASE\DSETUP.DLL.INTERMEDIATE.MANIFEST
C:\USERS\NIGHTWOLF\DESKTOP\RGUARD1\CLIENTSIDE\DSETUP\RELEASE\HOOK.OBJ
C:\USERS\NIGHTWOLF\DESKTOP\RGUARD1\CLIENTSIDE\DSETUP\RELEASE\MAIN.OBJ
C:\USERS\NIGHTWOLF\DESKTOP\RGUARD1\CLIENTSIDE\DSETUP\RELEASE\OBFUSCATOR.OBJ
C:\USERS\NIGHTWOLF\DESKTOP\RGUARD1\CLIENTSIDE\DSETUP\RELEASE\RESOURCE.RES
C:\USERS\NIGHTWOLF\DESKTOP\RGUARD1\CLIENTSIDE\DSETUP\RELEASE\SPLASH.OBJ
C:\USERS\NIGHTWOLF\DESKTOP\RGUARD1\CLIENTSIDE\DSETUP\RELEASE\VC100.PDB
C:\USERS\NIGHTWOLF\DESKTOP\RGUARD1\CLIENTSIDE\OUT\DSETUP.DLL
C:\Users\Nightwolf\Desktop\rGuard1\ClientSide\out\dsetup.exp
C:\Users\Nightwolf\Desktop\rGuard1\ClientSide\out\dsetup.lib
C:\USERS\NIGHTWOLF\DESKTOP\RGUARD1\CLIENTSIDE\OUT\DSETUP.PDB
I:\GoogleDrive\Client Works\Guard\rGuard1\ClientSide\dsetup\..\out\dsetup.dll
I:\GOOGLEDRIVE\CLIENT WORKS\GUARD\RGUARD1\CLIENTSIDE\DSETUP\RELEASE\BLOWFISH.OBJ
I:\GoogleDrive\Client Works\Guard\rGuard1\ClientSide\dsetup\Release\cl.command.1.tlog
I:\GoogleDrive\Client Works\Guard\rGuard1\ClientSide\dsetup\Release\CL.read.1.tlog
I:\GoogleDrive\Client Works\Guard\rGuard1\ClientSide\dsetup\Release\CL.write.1.tlog
I:\GOOGLEDRIVE\CLIENT WORKS\GUARD\RGUARD1\CLIENTSIDE\DSETUP\RELEASE\DSETUP.DLL.INTERMEDIATE.MANIFEST
I:\GoogleDrive\Client Works\Guard\rGuard1\ClientSide\dsetup\Release\dsetup.vcxprojResolveAssemblyReference.cache
I:\GoogleDrive\Client Works\Guard\rGuard1\ClientSide\dsetup\Release\dsetup.write.1.tlog
I:\GOOGLEDRIVE\CLIENT WORKS\GUARD\RGUARD1\CLIENTSIDE\DSETUP\RELEASE\HOOK.OBJ
I:\GoogleDrive\Client Works\Guard\rGuard1\ClientSide\dsetup\Release\link.command.1.tlog
I:\GoogleDrive\Client Works\Guard\rGuard1\ClientSide\dsetup\Release\link.read.1.tlog
I:\GoogleDrive\Client Works\Guard\rGuard1\ClientSide\dsetup\Release\link.write.1.tlog
I:\GoogleDrive\Client Works\Guard\rGuard1\ClientSide\dsetup\Release\link-cvtres.read.1.tlog
I:\GoogleDrive\Client Works\Guard\rGuard1\ClientSide\dsetup\Release\link-cvtres.write.1.tlog
I:\GOOGLEDRIVE\CLIENT WORKS\GUARD\RGUARD1\CLIENTSIDE\DSETUP\RELEASE\MAIN.OBJ
I:\GoogleDrive\Client Works\Guard\rGuard1\ClientSide\dsetup\Release\mt.command.1.tlog
I:\GoogleDrive\Client Works\Guard\rGuard1\ClientSide\dsetup\Release\mt.read.1.tlog
I:\GoogleDrive\Client Works\Guard\rGuard1\ClientSide\dsetup\Release\mt.write.1.tlog
I:\GOOGLEDRIVE\CLIENT WORKS\GUARD\RGUARD1\CLIENTSIDE\DSETUP\RELEASE\OBFUSCATOR.OBJ
I:\GoogleDrive\Client Works\Guard\rGuard1\ClientSide\dsetup\Release\rc.command.1.tlog
I:\GoogleDrive\Client Works\Guard\rGuard1\ClientSide\dsetup\Release\rc.read.1.tlog
I:\GoogleDrive\Client Works\Guard\rGuard1\ClientSide\dsetup\Release\rc.write.1.tlog
I:\GOOGLEDRIVE\CLIENT WORKS\GUARD\RGUARD1\CLIENTSIDE\DSETUP\RELEASE\RESOURCE.RES
I:\GOOGLEDRIVE\CLIENT WORKS\GUARD\RGUARD1\CLIENTSIDE\DSETUP\RELEASE\SPLASH.OBJ
I:\GOOGLEDRIVE\CLIENT WORKS\GUARD\RGUARD1\CLIENTSIDE\DSETUP\RELEASE\VC100.PDB
I:\GOOGLEDRIVE\CLIENT WORKS\GUARD\RGUARD1\CLIENTSIDE\OUT\DSETUP.DLL
I:\GoogleDrive\Client Works\Guard\rGuard1\ClientSide\out\dsetup.exp
I:\GoogleDrive\Client Works\Guard\rGuard1\ClientSide\out\dsetup.lib
I:\GOOGLEDRIVE\CLIENT WORKS\GUARD\RGUARD1\CLIENTSIDE\OUT\DSETUP.PDB
