i:\googledrive\client works\guard\rguard1\clientside\dsetup\debug\blowfish.obj
i:\googledrive\client works\guard\rguard1\clientside\dsetup\debug\hook.obj
i:\googledrive\client works\guard\rguard1\clientside\dsetup\debug\main.obj
i:\googledrive\client works\guard\rguard1\clientside\dsetup\debug\obfuscator.obj
i:\googledrive\client works\guard\rguard1\clientside\dsetup\debug\splash.obj
i:\googledrive\client works\guard\rguard1\clientside\dsetup\debug\vc100.pdb
g:\googledrive\client works\guard\rguard1\clientside\dsetup\debug\blowfish.obj
g:\googledrive\client works\guard\rguard1\clientside\dsetup\debug\hook.obj
g:\googledrive\client works\guard\rguard1\clientside\dsetup\debug\main.obj
g:\googledrive\client works\guard\rguard1\clientside\dsetup\debug\obfuscator.obj
g:\googledrive\client works\guard\rguard1\clientside\dsetup\debug\splash.obj
g:\googledrive\client works\guard\rguard1\clientside\dsetup\debug\vc100.pdb
i:\googledrive\client works\guard\rguard1\clientside\out\dsetup.lib
i:\googledrive\client works\guard\rguard1\clientside\out\dsetup.exp
g:\googledrive\client works\guard\rguard1\clientside\out\dsetup.lib
g:\googledrive\client works\guard\rguard1\clientside\out\dsetup.exp
i:\googledrive\client works\guard\rguard1\clientside\out\dsetup.dll
i:\googledrive\client works\guard\rguard1\clientside\dsetup\debug\dsetup.dll.intermediate.manifest
i:\googledrive\client works\guard\rguard1\clientside\out\dsetup.pdb
g:\googledrive\client works\guard\rguard1\clientside\out\dsetup.dll
g:\googledrive\client works\guard\rguard1\clientside\dsetup\debug\dsetup.dll.intermediate.manifest
g:\googledrive\client works\guard\rguard1\clientside\out\dsetup.pdb
i:\googledrive\client works\guard\rguard1\clientside\dsetup\debug\resource.res
g:\googledrive\client works\guard\rguard1\clientside\dsetup\debug\resource.res
i:\dropbox\protection\pick\dsetup\denart\dsetup\debug\vc140.pdb
i:\dropbox\protection\pick\dsetup\denart\dsetup\debug\vc140.idb
i:\dropbox\protection\pick\dsetup\denart\dsetup\debug\blowfish.obj
i:\dropbox\protection\pick\dsetup\denart\dsetup\debug\hook.obj
i:\dropbox\protection\pick\dsetup\denart\dsetup\debug\obfuscator.obj
i:\dropbox\protection\pick\dsetup\denart\dsetup\debug\splash.obj
i:\dropbox\protection\pick\dsetup\denart\dsetup\debug\main.obj
i:\dropbox\protection\pick\dsetup\denart\dsetup\debug\resource.res
i:\dropbox\protection\pick\dsetup\denart\dsetup\debug\dsetup.vcxprojresolveassemblyreference.cache
i:\dropbox\protection\pick\dsetup\denart\dsetup\debug\cl.command.1.tlog
i:\dropbox\protection\pick\dsetup\denart\dsetup\debug\cl.read.1.tlog
i:\dropbox\protection\pick\dsetup\denart\dsetup\debug\cl.write.1.tlog
i:\dropbox\protection\pick\dsetup\denart\dsetup\debug\dsetup.write.1.tlog
i:\dropbox\protection\pick\dsetup\denart\dsetup\debug\link-cvtres.read.1.tlog
i:\dropbox\protection\pick\dsetup\denart\dsetup\debug\link-cvtres.write.1.tlog
i:\dropbox\protection\pick\dsetup\denart\dsetup\debug\link.command.1.tlog
i:\dropbox\protection\pick\dsetup\denart\dsetup\debug\link.read.1.tlog
i:\dropbox\protection\pick\dsetup\denart\dsetup\debug\link.write.1.tlog
i:\dropbox\protection\pick\dsetup\denart\dsetup\debug\mt.command.1.tlog
i:\dropbox\protection\pick\dsetup\denart\dsetup\debug\mt.read.1.tlog
i:\dropbox\protection\pick\dsetup\denart\dsetup\debug\mt.write.1.tlog
i:\dropbox\protection\pick\dsetup\denart\dsetup\debug\rc.command.1.tlog
i:\dropbox\protection\pick\dsetup\denart\dsetup\debug\rc.read.1.tlog
i:\dropbox\protection\pick\dsetup\denart\dsetup\debug\rc.write.1.tlog
i:\dropbox\protection\pick\dsetup\denart\dsetup\debug\dsetup.dll.intermediate.manifest
i:\dropbox\protection\pick\dsetup\denart\dsetup\debug\vc100.idb
i:\dropbox\protection\pick\dsetup\denart\dsetup\debug\vc100.pdb
i:\dropbox\protection\pick\dsetup\denart\dsetup\debug\dsetup.tlog\cl.command.1.tlog
i:\dropbox\protection\pick\dsetup\denart\dsetup\debug\dsetup.tlog\cl.read.1.tlog
i:\dropbox\protection\pick\dsetup\denart\dsetup\debug\dsetup.tlog\cl.write.1.tlog
i:\dropbox\protection\pick\dsetup\denart\dsetup\debug\dsetup.tlog\link-cvtres.read.1.tlog
i:\dropbox\protection\pick\dsetup\denart\dsetup\debug\dsetup.tlog\link-cvtres.write.1.tlog
i:\dropbox\protection\pick\dsetup\denart\dsetup\debug\dsetup.tlog\link-rc.read.1.tlog
i:\dropbox\protection\pick\dsetup\denart\dsetup\debug\dsetup.tlog\link-rc.write.1.tlog
i:\dropbox\protection\pick\dsetup\denart\dsetup\debug\dsetup.tlog\link.command.1.tlog
i:\dropbox\protection\pick\dsetup\denart\dsetup\debug\dsetup.tlog\link.read.1.tlog
i:\dropbox\protection\pick\dsetup\denart\dsetup\debug\dsetup.tlog\link.write.1.tlog
i:\dropbox\protection\pick\dsetup\denart\dsetup\debug\dsetup.tlog\rc.command.1.tlog
i:\dropbox\protection\pick\dsetup\denart\dsetup\debug\dsetup.tlog\rc.read.1.tlog
i:\dropbox\protection\pick\dsetup\denart\dsetup\debug\dsetup.tlog\rc.write.1.tlog
